2025-03-18 15:41:06 INFO  Config:26 - D:\workspace2025\hfree-m
mainhrowable2025-03-18 15:41:06 INFO  Config:27 - 检查配置信息...
mainhrowable2025-03-18 15:41:06 INFO  Config:32 - dsProp目录已存在，用于放数据源配置文件
mainhrowable2025-03-18 15:41:06 INFO  Config:60 - 读取hfree.ini配置
mainhrowable2025-03-18 15:41:06 INFO  Config:95 - 资源目录已经存在。资源包括图标和4个公共类。
mainhrowable2025-03-18 15:41:06 INFO  Config:107 - 检测配置完成。
mainhrowable2025-03-18 15:44:50 INFO  Config:26 - D:\workspace2025\hfree-m
mainhrowable2025-03-18 15:44:50 INFO  Config:27 - 检查配置信息...
mainhrowable2025-03-18 15:44:50 INFO  Config:32 - dsProp目录已存在，用于放数据源配置文件
mainhrowable2025-03-18 15:44:50 INFO  Config:60 - 读取hfree.ini配置
mainhrowable2025-03-18 15:44:50 INFO  Config:95 - 资源目录已经存在。资源包括图标和4个公共类。
mainhrowable2025-03-18 15:44:50 INFO  Config:107 - 检测配置完成。
mainhrowable2025-03-18 15:49:16 INFO  Config:26 - D:\workspace2025\hfree-m
 mainhrowable2025-03-18 15:49:16 INFO  Config:27 - 检查配置信息...
 mainhrowable2025-03-18 15:49:16 INFO  Config:32 - dsProp目录已存在，用于放数据源配置文件
 mainhrowable2025-03-18 15:49:16 INFO  Config:60 - 读取hfree.ini配置
 mainhrowable2025-03-18 15:49:16 INFO  Config:95 - 资源目录已经存在。资源包括图标和4个公共类。
 mainhrowable2025-03-18 15:49:16 INFO  Config:107 - 检测配置完成。
 mainhrowable2025-03-18 15:50:52 INFO  Config:26 - D:\workspace2025\hfree-m
 throwable2025-03-18 15:50:52 INFO  Config:27 - 检查配置信息...
 throwable2025-03-18 15:50:52 INFO  Config:32 - dsProp目录已存在，用于放数据源配置文件
 throwable2025-03-18 15:50:52 INFO  Config:60 - 读取hfree.ini配置
 throwable2025-03-18 15:50:52 INFO  Config:95 - 资源目录已经存在。资源包括图标和4个公共类。
 throwable2025-03-18 15:50:52 INFO  Config:107 - 检测配置完成。
 throwable