- D:\workspace2025\hfree-m
 me.zoulei.Config 2025-03-17 15:06:45,340 26
- 检查配置信息...
 me.zoulei.Config 2025-03-17 15:06:45,342 27
- dsProp目录已存在，用于放数据源配置文件
 me.zoulei.Config 2025-03-17 15:06:45,342 32
- 第一次使用，初始化hfree.ini文件
 me.zoulei.Config 2025-03-17 15:06:45,342 71
- 资源目录已经存在。资源包括图标和4个公共类。
 me.zoulei.Config 2025-03-17 15:06:45,345 95
- 检测配置完成。
 me.zoulei.Config 2025-03-17 15:06:45,345 107
- D:\workspace2025\hfree-m
 me.zoulei.Config 2025-03-17 15:07:29,146 26
- 检查配置信息...
 me.zoulei.Config 2025-03-17 15:07:29,149 27
- dsProp目录已存在，用于放数据源配置文件
 me.zoulei.Config 2025-03-17 15:07:29,149 32
- 读取hfree.ini配置
 me.zoulei.Config 2025-03-17 15:07:29,150 60
- 资源目录已经存在。资源包括图标和4个公共类。
 me.zoulei.Config 2025-03-17 15:07:29,152 95
- 检测配置完成。
 me.zoulei.Config 2025-03-17 15:07:29,152 107
- D:\workspace2025\hfree-m
 me.zoulei.Config 2025-03-17 15:09:37,157 26
- 检查配置信息...
 me.zoulei.Config 2025-03-17 15:09:37,160 27
- dsProp目录已存在，用于放数据源配置文件
 me.zoulei.Config 2025-03-17 15:09:37,161 32
- 读取hfree.ini配置
 me.zoulei.Config 2025-03-17 15:09:37,161 60
- 资源目录已经存在。资源包括图标和4个公共类。
 me.zoulei.Config 2025-03-17 15:09:37,163 95
- 检测配置完成。
 me.zoulei.Config 2025-03-17 15:09:37,164 107
